Crashlog created at 2015-06-27 13:43:40 -0700

===== MESSAGE:

Nanoc::Errors::UnknownLayout: The site does not have a layout with identifier “default”.

===== COMPILATION STACK:

  - [item]   /welcome/ (rep default)

===== STACK TRACE:

  0. /var/lib/gems/1.9.1/gems/nanoc-3.8.0/lib/nanoc/base/compilation/item_rep_proxy.rb:96:in `layout_with_identifier'
  1. /var/lib/gems/1.9.1/gems/nanoc-3.8.0/lib/nanoc/base/compilation/item_rep_proxy.rb:63:in `layout'
  2. /var/lib/gems/1.9.1/gems/nanoc-3.8.0/lib/nanoc/base/compilation/rule_context.rb:72:in `layout'
  3. /home/peter/Projects/wpilib_developers_guide/Rules:23:in `block in parse'
  4. /var/lib/gems/1.9.1/gems/nanoc-3.8.0/lib/nanoc/base/compilation/rule.rb:69:in `instance_exec'
  5. /var/lib/gems/1.9.1/gems/nanoc-3.8.0/lib/nanoc/base/compilation/rule.rb:69:in `apply_to'
  6. /var/lib/gems/1.9.1/gems/nanoc-3.8.0/lib/nanoc/base/compilation/compiler.rb:385:in `compile_rep'
  7. /var/lib/gems/1.9.1/gems/nanoc-3.8.0/lib/nanoc/base/compilation/compiler.rb:341:in `block in compile_reps'
  8. /var/lib/gems/1.9.1/gems/nanoc-3.8.0/lib/nanoc/base/compilation/compiler.rb:334:in `loop'
  9. /var/lib/gems/1.9.1/gems/nanoc-3.8.0/lib/nanoc/base/compilation/compiler.rb:334:in `compile_reps'
  10. /var/lib/gems/1.9.1/gems/nanoc-3.8.0/lib/nanoc/base/compilation/compiler.rb:87:in `run'
  11. /var/lib/gems/1.9.1/gems/nanoc-3.8.0/lib/nanoc/base/source_data/site.rb:58:in `compile'
  12. /var/lib/gems/1.9.1/gems/nanoc-3.8.0/lib/nanoc/cli/commands/compile.rb:383:in `block in run'
  13. /var/lib/gems/1.9.1/gems/nanoc-3.8.0/lib/nanoc/cli/commands/compile.rb:425:in `run_listeners_while'
  14. /var/lib/gems/1.9.1/gems/nanoc-3.8.0/lib/nanoc/cli/commands/compile.rb:382:in `run'
  15. /var/lib/gems/1.9.1/gems/nanoc-3.8.0/lib/nanoc/cli/command_runner.rb:12:in `block in call'
  16. /var/lib/gems/1.9.1/gems/nanoc-3.8.0/lib/nanoc/cli/error_handler.rb:72:in `handle_while'
  17. /var/lib/gems/1.9.1/gems/nanoc-3.8.0/lib/nanoc/cli/error_handler.rb:24:in `handle_while'
  18. /var/lib/gems/1.9.1/gems/nanoc-3.8.0/lib/nanoc/cli/command_runner.rb:11:in `call'
  19. /var/lib/gems/1.9.1/gems/cri-2.7.0/lib/cri/command_dsl.rb:233:in `block in runner'
  20. /var/lib/gems/1.9.1/gems/cri-2.7.0/lib/cri/command.rb:294:in `call'
  21. /var/lib/gems/1.9.1/gems/cri-2.7.0/lib/cri/command.rb:294:in `run_this'
  22. /var/lib/gems/1.9.1/gems/cri-2.7.0/lib/cri/command.rb:247:in `run'
  23. /var/lib/gems/1.9.1/gems/nanoc-3.8.0/lib/nanoc/cli/commands/nanoc.rb:39:in `block in define'
  24. /var/lib/gems/1.9.1/gems/cri-2.7.0/lib/cri/command.rb:294:in `call'
  25. /var/lib/gems/1.9.1/gems/cri-2.7.0/lib/cri/command.rb:294:in `run_this'
  26. /var/lib/gems/1.9.1/gems/cri-2.7.0/lib/cri/command.rb:247:in `run'
  27. /var/lib/gems/1.9.1/gems/nanoc-3.8.0/lib/nanoc/cli.rb:58:in `block in run'
  28. /var/lib/gems/1.9.1/gems/nanoc-3.8.0/lib/nanoc/cli/error_handler.rb:72:in `handle_while'
  29. /var/lib/gems/1.9.1/gems/nanoc-3.8.0/lib/nanoc/cli/error_handler.rb:24:in `handle_while'
  30. /var/lib/gems/1.9.1/gems/nanoc-3.8.0/lib/nanoc/cli.rb:56:in `run'
  31. /var/lib/gems/1.9.1/gems/nanoc-3.8.0/bin/nanoc:25:in `<top (required)>'
  32. /usr/local/bin/nanoc:23:in `load'

===== VERSION INFORMATION:

nanoc 3.8.0 © 2007-2015 Denis Defreyne.
Running ruby 1.9.3 (2013-11-22) on x86_64-linux with RubyGems 1.8.23.

===== SYSTEM INFORMATION:

Linux Einstein 3.13.0-53-generic #89-Ubuntu SMP Wed May 20 10:34:39 UTC 2015 x86_64 x86_64 x86_64 GNU/Linux

===== INSTALLED GEMS:

  adsf 1.2.0
  colored 1.2
  cri 2.7.0
  kramdown 1.7.0
  nanoc 3.8.0
  rack 1.6.4

===== ENVIRONMENT:

CATKIN_TEST_RESULTS_DIR => "/home/peter/ROS/catkin_ws/build/test_results"
CLUTTER_IM_MODULE => "xim"
CMAKE_PREFIX_PATH => "/home/peter/Projects/catkin_ws/devel:/home/peter/ROS/catkin_ws/devel:/opt/ros/indigo"
COLORTERM => "gnome-terminal"
COMPIZ_BIN_PATH => "/usr/bin/"
COMPIZ_CONFIG_PROFILE => "ubuntu"
COMP_WORDBREAKS => " \t\n\"'><;|&(:"
CPATH => "/home/peter/Projects/catkin_ws/devel/include:/home/peter/ROS/catkin_ws/devel/include:/opt/ros/indigo/include"
DBUS_SESSION_BUS_ADDRESS => "unix:abstract=/tmp/dbus-DjLiKXO1g8"
DEFAULTS_PATH => "/usr/share/gconf/ubuntu.default.path"
DESKTOP_SESSION => "ubuntu"
DISPLAY => ":0"
EDITOR => "vim"
GAZEBO_MODEL_PATH => "/home/peter/Gazebo/models/:/usr/share/frcsim/models"
GDMSESSION => "ubuntu"
GDM_LANG => "en_US"
GIO_LAUNCHED_DESKTOP_FILE => "/usr/share/applications/terminator.desktop"
GIO_LAUNCHED_DESKTOP_FILE_PID => "8014"
GNOME_DESKTOP_SESSION_ID => "this-is-deprecated"
GNOME_KEYRING_CONTROL => "/run/user/1000/keyring-pKiQmt"
GNOME_KEYRING_PID => "4419"
GPG_AGENT_INFO => "/run/user/1000/keyring-pKiQmt/gpg:0:1"
GTK_IM_MODULE => "ibus"
GTK_MODULES => "overlay-scrollbar:unity-gtk-module"
HOME => "/home/peter"
IM_CONFIG_PHASE => "1"
INSTANCE => ""
JOB => "dbus"
LANG => "en_US.UTF-8"
LANGUAGE => "en_US"
LD_LIBRARY_PATH => "/home/peter/Projects/catkin_ws/devel/lib:/home/peter/Projects/catkin_ws/devel/lib/x86_64-linux-gnu:/home/peter/ROS/catkin_ws/devel/lib:/home/peter/ROS/catkin_ws/devel/lib/x86_64-linux-gnu:/opt/ros/indigo/lib/x86_64-linux-gnu:/opt/ros/indigo/lib"
LESSCLOSE => "/usr/bin/lesspipe %s %s"
LESSOPEN => "| /usr/bin/lesspipe %s"
LOGNAME => "peter"
LS_COLORS => "rs=0:di=01;34:ln=01;36:mh=00:pi=40;33:so=01;35:do=01;35:bd=40;33;01:cd=40;33;01:or=40;31;01:su=37;41:sg=30;43:ca=30;41:tw=30;42:ow=34;42:st=37;44:ex=01;32:*.tar=01;31:*.tgz=01;31:*.arj=01;31:*.taz=01;31:*.lzh=01;31:*.lzma=01;31:*.tlz=01;31:*.txz=01;31:*.zip=01;31:*.z=01;31:*.Z=01;31:*.dz=01;31:*.gz=01;31:*.lz=01;31:*.xz=01;31:*.bz2=01;31:*.bz=01;31:*.tbz=01;31:*.tbz2=01;31:*.tz=01;31:*.deb=01;31:*.rpm=01;31:*.jar=01;31:*.war=01;31:*.ear=01;31:*.sar=01;31:*.rar=01;31:*.ace=01;31:*.zoo=01;31:*.cpio=01;31:*.7z=01;31:*.rz=01;31:*.jpg=01;35:*.jpeg=01;35:*.gif=01;35:*.bmp=01;35:*.pbm=01;35:*.pgm=01;35:*.ppm=01;35:*.tga=01;35:*.xbm=01;35:*.xpm=01;35:*.tif=01;35:*.tiff=01;35:*.png=01;35:*.svg=01;35:*.svgz=01;35:*.mng=01;35:*.pcx=01;35:*.mov=01;35:*.mpg=01;35:*.mpeg=01;35:*.m2v=01;35:*.mkv=01;35:*.webm=01;35:*.ogm=01;35:*.mp4=01;35:*.m4v=01;35:*.mp4v=01;35:*.vob=01;35:*.qt=01;35:*.nuv=01;35:*.wmv=01;35:*.asf=01;35:*.rm=01;35:*.rmvb=01;35:*.flc=01;35:*.avi=01;35:*.fli=01;35:*.flv=01;35:*.gl=01;35:*.dl=01;35:*.xcf=01;35:*.xwd=01;35:*.yuv=01;35:*.cgm=01;35:*.emf=01;35:*.axv=01;35:*.anx=01;35:*.ogv=01;35:*.ogx=01;35:*.aac=00;36:*.au=00;36:*.flac=00;36:*.mid=00;36:*.midi=00;36:*.mka=00;36:*.mp3=00;36:*.mpc=00;36:*.ogg=00;36:*.ra=00;36:*.wav=00;36:*.axa=00;36:*.oga=00;36:*.spx=00;36:*.xspf=00;36::di=1;31:"
MANDATORY_PATH => "/usr/share/gconf/ubuntu.mandatory.path"
OLDPWD => "/home/peter/Projects/wpilib_developers_guide/content"
ORBIT_SOCKETDIR => "/tmp/orbit-peter"
PATH => "/home/peter/Projects/catkin_ws/devel/bin:/home/peter/ROS/catkin_ws/devel/bin:/opt/ros/indigo/bin:/usr/local/sbin:/usr/local/bin:/usr/sbin:/usr/bin:/sbin:/bin:/usr/games:/usr/local/games"
PKG_CONFIG_PATH => "/home/peter/Projects/catkin_ws/devel/lib/pkgconfig:/home/peter/Projects/catkin_ws/devel/lib/x86_64-linux-gnu/pkgconfig:/home/peter/ROS/catkin_ws/devel/lib/pkgconfig:/home/peter/ROS/catkin_ws/devel/lib/x86_64-linux-gnu/pkgconfig:/opt/ros/indigo/lib/x86_64-linux-gnu/pkgconfig:/opt/ros/indigo/lib/pkgconfig"
PROMPT_DIRTRIM => "3"
PWD => "/home/peter/Projects/wpilib_developers_guide"
PYTHONPATH => "/home/peter/Projects/catkin_ws/devel/lib/python2.7/dist-packages:/home/peter/ROS/catkin_ws/devel/lib/python2.7/dist-packages:/opt/ros/indigo/lib/python2.7/dist-packages"
QT4_IM_MODULE => "xim"
QT_IM_MODULE => "ibus"
QT_QPA_PLATFORMTHEME => "appmenu-qt5"
ROSLISP_PACKAGE_DIRECTORIES => "/home/peter/Projects/catkin_ws/devel/share/common-lisp"
ROS_DISTRO => "indigo"
ROS_ETC_DIR => "/opt/ros/indigo/etc/ros"
ROS_MASTER_URI => "http://localhost:11311"
ROS_PACKAGE_PATH => "/home/peter/ROS/catkin_ws/src:/opt/ros/indigo/share:/opt/ros/indigo/stacks"
ROS_ROOT => "/opt/ros/indigo/share/ros"
ROS_TEST_RESULTS_DIR => "/home/peter/ROS/catkin_ws/build/test_results"
SELINUX_INIT => "YES"
SESSION => "ubuntu"
SESSIONTYPE => "gnome-session"
SESSION_MANAGER => "local/Einstein:@/tmp/.ICE-unix/4485,unix/Einstein:/tmp/.ICE-unix/4485"
SHELL => "/bin/bash"
SHLVL => "1"
SSH_AUTH_SOCK => "/run/user/1000/keyring-pKiQmt/ssh"
TERM => "xterm"
TERMINATOR_UUID => "urn:uuid:d10a9e16-0ed0-42e4-84c0-c573ed03608a"
TEXTDOMAIN => "im-config"
TEXTDOMAINDIR => "/usr/share/locale/"
UPSTART_SESSION => "unix:abstract=/com/ubuntu/upstart-session/1000/4314"
USER => "peter"
WINDOWID => "67108868"
XAUTHORITY => "/home/peter/.Xauthority"
XDG_CONFIG_DIRS => "/etc/xdg/xdg-ubuntu:/usr/share/upstart/xdg:/etc/xdg"
XDG_CURRENT_DESKTOP => "Unity"
XDG_DATA_DIRS => "/usr/share/ubuntu:/usr/share/gnome:/usr/local/share/:/usr/share/"
XDG_GREETER_DATA_DIR => "/var/lib/lightdm-data/peter"
XDG_MENU_PREFIX => "gnome-"
XDG_RUNTIME_DIR => "/run/user/1000"
XDG_SEAT => "seat0"
XDG_SEAT_PATH => "/org/freedesktop/DisplayManager/Seat0"
XDG_SESSION_ID => "c1"
XDG_SESSION_PATH => "/org/freedesktop/DisplayManager/Session0"
XDG_VTNR => "7"
XMODIFIERS => "@im=ibus"
_ => "/usr/local/bin/nanoc"

===== LOAD PATHS:

  0. /var/lib/gems/1.9.1/gems/nanoc-3.8.0/lib
  1. /var/lib/gems/1.9.1/gems/colored-1.2/lib
  2. /var/lib/gems/1.9.1/gems/cri-2.7.0/lib
  3. /var/lib/gems/1.9.1/gems/nanoc-3.8.0/lib
  4. /usr/local/lib/site_ruby/1.9.1
  5. /usr/local/lib/site_ruby/1.9.1/x86_64-linux
  6. /usr/local/lib/site_ruby
  7. /usr/lib/ruby/vendor_ruby/1.9.1
  8. /usr/lib/ruby/vendor_ruby/1.9.1/x86_64-linux
  9. /usr/lib/ruby/vendor_ruby
  10. /usr/lib/ruby/1.9.1
  11. /usr/lib/ruby/1.9.1/x86_64-linux
